<?xml version="1.0" encoding="UTF-8"?>
<testng-results ignored="0" total="1" passed="1" failed="0" skipped="0">
  <reporter-output>
  </reporter-output>
  <suite started-at="2023-05-10T10:26:24 IST" name="manipal testng suite" finished-at="2023-05-10T10:26:33 IST" duration-ms="9347">
    <groups>
    </groups>
    <test started-at="2023-05-10T10:26:24 IST" name="Functional  testing" finished-at="2023-05-10T10:26:33 IST" duration-ms="9347">
      <class name="org.example.Prameters">
        <test-method signature="testparameters(java.lang.String)[pri:0, instance:org.example.Prameters@3bd40a57]" started-at="2023-05-10T10:26:24 IST" name="testparameters" finished-at="2023-05-10T10:26:33 IST" duration-ms="9183" status="PASS">
          <params>
            <param index="0">
              <value>
                <![CDATA[chrome]]>
              </value>
            </param>
          </params>
          <reporter-output>
          </reporter-output>
        </test-method> <!-- testparameters -->
      </class> <!-- org.example.Prameters -->
    </test> <!-- Functional  testing -->
  </suite> <!-- manipal testng suite -->
</testng-results>
