<?xml version="1.0" encoding="UTF-8"?>
<!-- Generated by org.testng.reporters.JUnitXMLReporter -->
<testsuite ignored="0" hostname="DESKTOP-AHB8CI9" failures="0" tests="3" name="Fuctional testing" time="63.952" errors="0" timestamp="2023-05-10T10:17:21 IST">
  <testcase classname="org.example.Launchbrowser" name="chrome" time="10.073"/>
  <testcase classname="org.example.EdgeTestng" name="edge" time="15.69"/>
  <testcase classname="org.example.FirefoxtestNg" name="firefox" time="38.025"/>
</testsuite> <!-- Fuctional testing -->
